1684332116803	geckodriver	INFO	Listening on 127.0.0.1:36221
1684332117332	mozrunner::runner	INFO	Running command: MOZ_CRASHREPORTER="1" MOZ_CRASHREPORTER_NO_REPORT="1" MOZ_CRASHREPORTER_SHUTDOWN="1" MOZ_NO_REMOTE="1" "/usr ... te" "--remote-debugging-port" "49425" "--remote-allow-hosts" "localhost" "-no-remote" "-profile" "/tmp/rust_mozprofileF3ZWFQ"

(firefox:14936): Gtk-WARNING **: 11:01:57.377: Unknown key ; gtk-toolbar-style in /home/gustavos/.config/gtk-3.0/settings.ini

(firefox:14936): Gtk-WARNING **: 11:01:57.377: Unknown key ; gtk-toolbar-icon-size in /home/gustavos/.config/gtk-3.0/settings.ini

(firefox:14936): Gtk-WARNING **: 11:01:57.377: Unknown key ; gtk-button-images in /home/gustavos/.config/gtk-3.0/settings.ini

(firefox:14936): Gtk-WARNING **: 11:01:57.377: Unknown key ; gtk-menu-images in /home/gustavos/.config/gtk-3.0/settings.ini

(firefox:14936): Gtk-WARNING **: 11:01:57.377: Unknown key ; gtk-enable-event-sounds in /home/gustavos/.config/gtk-3.0/settings.ini

(firefox:14936): Gtk-WARNING **: 11:01:57.377: Unknown key ; gtk-enable-input-feedback-sounds in /home/gustavos/.config/gtk-3.0/settings.ini

(firefox:14936): Gtk-WARNING **: 11:01:57.377: Unknown key ; gtk-xft-antialias in /home/gustavos/.config/gtk-3.0/settings.ini

(firefox:14936): Gtk-WARNING **: 11:01:57.377: Unknown key ; gtk-xft-hinting in /home/gustavos/.config/gtk-3.0/settings.ini

(firefox:14936): Gtk-WARNING **: 11:01:57.377: Unknown key ; gtk-xft-hintstyle in /home/gustavos/.config/gtk-3.0/settings.ini

(firefox:14936): Gtk-WARNING **: 11:01:57.377: Unknown key ; gtk-xft-rgba in /home/gustavos/.config/gtk-3.0/settings.ini
console.warn: services.settings: Ignoring preference override of remote settings server
console.warn: services.settings: Allow by setting MOZ_REMOTE_SETTINGS_DEVTOOLS=1 in the environment
1684332117831	Marionette	INFO	Marionette enabled
1684332117836	Marionette	INFO	Listening on port 38731
WebDriver BiDi listening on ws://127.0.0.1:49425
Read port: 38731
1684332118066	RemoteAgent	WARN	TLS certificate errors will be ignored for this session
console.error: ({})
[ERROR glean_core] Error setting metrics feature config: Json(Error("EOF while parsing a value", line: 1, column: 0))
DevTools listening on ws://127.0.0.1:49425/devtools/browser/6db5d529-e92b-4ce7-8e0b-1d306e718a07
console.warn: LoginRecipes: "Falling back to a synchronous message for: https://accounts.google.com."
JavaScript warning: https://accounts.google.com/v3/signin/identifier?dsh=S671805538%3A1684332125285615&continue=https%3A%2F%2Faccounts.google.com%2Fgsi%2Fselect%3Fclient_id%3D230402993429-g4nobau40t3v3j0tvqto4j8f35kil4hf.apps.googleusercontent.com%26ux_mode%3Dpopup%26ui_mode%3Dcard%26as%3Djgpd14OMm%2FzGOcVHfLvEFQ%26channel_id%3D1b458da2b3fd3ac6817c2edc09a6144a3bfee92edcd2f4eccc924097d5e8ae19%26origin%3Dhttps%3A%2F%2Ftinder.com&faa=1&ifkv=Af_xneFjpk_-reZCHV3TcxaWolk3yqDWvdcBcll0J4FVinvg04rdGIUZMvaBb5361enK4R2sGdAK6Q&flowName=GlifWebSignIn&flowEntry=ServiceLogin line 4 > injectedScript line 2 > eval line 5927 > eval line 1 > eval line 1 > eval, line 1: WEBGL_debug_renderer_info is deprecated in Firefox and will be removed. Please use RENDERER.
console.warn: LoginRecipes: "Falling back to a synchronous message for: https://accounts.google.com."
console.warn: LoginRecipes: "Falling back to a synchronous message for: https://accounts.google.com."
console.warn: LoginRecipes: "Falling back to a synchronous message for: https://accounts.google.com."
JavaScript warning: https://accounts.google.com/v3/signin/identifier?dsh=S-1576997168%3A1684332143160313&continue=https%3A%2F%2Faccounts.google.com%2Fgsi%2Fselect%3Fclient_id%3D230402993429-g4nobau40t3v3j0tvqto4j8f35kil4hf.apps.googleusercontent.com%26ux_mode%3Dpopup%26ui_mode%3Dcard%26as%3DZ3oY4ius2PDIAgK59eByaQ%26channel_id%3D205655b5e1803f405c3b912713cf60a7d59f30970e7a6b46e971c288fc909651%26origin%3Dhttps%3A%2F%2Ftinder.com&faa=1&ifkv=Af_xneFBshUq4qJZzHUebJbqrlt8u3JbHx2yXkQv8tihno8no6Al0MKPDR9fgo8-ga-hseWG2KZD&flowName=GlifWebSignIn&flowEntry=ServiceLogin line 4 > injectedScript line 2 > eval line 7334 > eval line 1 > eval line 1 > eval, line 1: WEBGL_debug_renderer_info is deprecated in Firefox and will be removed. Please use RENDERER.
console.warn: LoginRecipes: "Falling back to a synchronous message for: https://accounts.google.com."
console.error: "update.locale" " file doesn't exist in either the application or GRE directories"
console.warn: LoginRecipes: "Falling back to a synchronous message for: https://accounts.google.com."
[Child 15041, Main Thread] WARNING: JSWindowActorChild::SendRawMessage (Conduits, ConduitClosed) not sent: !CanSend() || !mManager || !mManager->CanSend(): file /build/firefox/src/firefox-113.0.1/dom/ipc/jsactor/JSWindowActorChild.cpp:57
[Child 15041, Main Thread] WARNING: JSWindowActorChild::SendRawMessage (Conduits, ConduitClosed) not sent: !CanSend() || !mManager || !mManager->CanSend(): file /build/firefox/src/firefox-113.0.1/dom/ipc/jsactor/JSWindowActorChild.cpp:57
[Child 15041, Main Thread] WARNING: JSWindowActorChild::SendRawMessage (Conduits, ConduitClosed) not sent: !CanSend() || !mManager || !mManager->CanSend(): file /build/firefox/src/firefox-113.0.1/dom/ipc/jsactor/JSWindowActorChild.cpp:57
[Child 15041, Main Thread] WARNING: JSWindowActorChild::SendRawMessage (Conduits, ConduitClosed) not sent: !CanSend() || !mManager || !mManager->CanSend(): file /build/firefox/src/firefox-113.0.1/dom/ipc/jsactor/JSWindowActorChild.cpp:57
[Child 15041, Main Thread] WARNING: JSWindowActorChild::SendRawMessage (Conduits, ConduitClosed) not sent: !CanSend() || !mManager || !mManager->CanSend(): file /build/firefox/src/firefox-113.0.1/dom/ipc/jsactor/JSWindowActorChild.cpp:57
[Child 15041, Main Thread] WARNING: JSWindowActorChild::SendRawMessage (Conduits, ConduitClosed) not sent: !CanSend() || !mManager || !mManager->CanSend(): file /build/firefox/src/firefox-113.0.1/dom/ipc/jsactor/JSWindowActorChild.cpp:57
[Child 15041, Main Thread] WARNING: JSWindowActorChild::SendRawMessage (Conduits, ConduitClosed) not sent: !CanSend() || !mManager || !mManager->CanSend(): file /build/firefox/src/firefox-113.0.1/dom/ipc/jsactor/JSWindowActorChild.cpp:57
[Child 15041, Main Thread] WARNING: JSWindowActorChild::SendRawMessage (Conduits, ConduitClosed) not sent: !CanSend() || !mManager || !mManager->CanSend(): file /build/firefox/src/firefox-113.0.1/dom/ipc/jsactor/JSWindowActorChild.cpp:57
1684332150709	Marionette	INFO	Stopped listening on port 38731
console.error: services.settings: 
  Message: NetworkError: Network error: TypeError: NetworkError: Network request failed
  Stack:
    APIError@resource://services-settings/RemoteSettingsClient.sys.mjs:111:1
NetworkError@resource://services-settings/RemoteSettingsClient.sys.mjs:115:5
_adjustedError@resource://services-settings/RemoteSettingsClient.sys.mjs:911:14
maybeSync@resource://services-settings/RemoteSettingsClient.sys.mjs:816:38

console.warn: services.settings: blocklists/gfx sync interrupted by shutdown
console.warn: services.settings: main/normandy-recipes-capabilities sync interrupted by shutdown
console.warn: services.settings: main/devtools-compatibility-browsers sync interrupted by shutdown
console.warn: services.settings: main/search-telemetry-v2 sync interrupted by shutdown
console.error: (new AbortError("IndexedDB: main/ms-images getLastModified() IndexedDB:  execute() A request was aborted, for example through a call to IDBTransaction.abort.", "resource://services-settings/IDBHelpers.jsm", 18))
WARNING: A blocker encountered an error while we were waiting.
          Blocker:  Waiting for ping task
          Phase: TelemetryController: Waiting for pending ping activity
          State: (none)
WARNING: Error: Phase "profile-before-change" is finished, it is too late to register completion condition "OS.File: flush I/O queued before profileBeforeChange"
WARNING: addBlocker@resource://gre/modules/AsyncShutdown.sys.mjs:727:15
addBlocker@resource://gre/modules/AsyncShutdown.sys.mjs:523:26
addBlocker@resource://gre/modules/AsyncShutdown.sys.mjs:458:15
setupShutdown@resource://gre/modules/osfile/osfile_async_front.jsm:1548:28
@resource://gre/modules/osfile/osfile_async_front.jsm:1568:16
@resource://gre/modules/osfile.jsm:12:30
@resource://gre/modules/TelemetryStorage.sys.mjs:10:28
_checkPendingPings@resource://gre/modules/TelemetrySend.sys.mjs:859:17
setup@resource://gre/modules/TelemetrySend.sys.mjs:799:18
setup@resource://gre/modules/TelemetrySend.sys.mjs:237:30
setupTelemetry/this._delayedInitTask<@resource://gre/modules/TelemetryControllerParent.sys.mjs:824:36
observe@resource://gre/modules/AsyncShutdown.sys.mjs:576:16

console.error: "TelemetryScheduler.shutdown - Already shut down"
WARNING: A blocker encountered an error while we were waiting.
          Blocker:  Waiting for ping task
          Phase: TelemetryController: Waiting for pending ping activity
          State: (none)
WARNING: Error: Phase "profile-before-change" is finished, it is too late to register completion condition "OS.File: flush I/O queued before profileBeforeChange"
WARNING: addBlocker@resource://gre/modules/AsyncShutdown.sys.mjs:727:15
addBlocker@resource://gre/modules/AsyncShutdown.sys.mjs:523:26
addBlocker@resource://gre/modules/AsyncShutdown.sys.mjs:458:15
setupShutdown@resource://gre/modules/osfile/osfile_async_front.jsm:1548:28
@resource://gre/modules/osfile/osfile_async_front.jsm:1568:16
@resource://gre/modules/osfile.jsm:12:30
@resource://gre/modules/TelemetryStorage.sys.mjs:10:28
_checkPendingPings@resource://gre/modules/TelemetrySend.sys.mjs:859:17
setup@resource://gre/modules/TelemetrySend.sys.mjs:799:18
setup@resource://gre/modules/TelemetrySend.sys.mjs:237:30
setupTelemetry/this._delayedInitTask<@resource://gre/modules/TelemetryControllerParent.sys.mjs:824:36
observe@resource://gre/modules/AsyncShutdown.sys.mjs:576:16

WARNING: A blocker encountered an error while we were waiting.
          Blocker:  Waiting for ping task
          Phase: TelemetryController: Waiting for pending ping activity
          State: (none)
WARNING: Error: Phase "profile-before-change" is finished, it is too late to register completion condition "OS.File: flush I/O queued before profileBeforeChange"
WARNING: addBlocker@resource://gre/modules/AsyncShutdown.sys.mjs:727:15
addBlocker@resource://gre/modules/AsyncShutdown.sys.mjs:523:26
addBlocker@resource://gre/modules/AsyncShutdown.sys.mjs:458:15
setupShutdown@resource://gre/modules/osfile/osfile_async_front.jsm:1548:28
@resource://gre/modules/osfile/osfile_async_front.jsm:1568:16
@resource://gre/modules/osfile.jsm:12:30
@resource://gre/modules/TelemetryStorage.sys.mjs:10:28
_checkPendingPings@resource://gre/modules/TelemetrySend.sys.mjs:859:17
setup@resource://gre/modules/TelemetrySend.sys.mjs:799:18
setup@resource://gre/modules/TelemetrySend.sys.mjs:237:30
setupTelemetry/this._delayedInitTask<@resource://gre/modules/TelemetryControllerParent.sys.mjs:824:36
observe@resource://gre/modules/AsyncShutdown.sys.mjs:576:16

WARNING: A blocker encountered an error while we were waiting.
          Blocker:  TelemetryController: shutting down
          Phase: profile-before-change-telemetry
          State: Error getting state: Error: Phase "profile-before-change" is finished, it is too late to register completion condition "OS.File: flush I/O queued before profileBeforeChange" at addBlocker@resource://gre/modules/AsyncShutdown.sys.mjs:727:15
addBlocker@resource://gre/modules/AsyncShutdown.sys.mjs:523:26
addBlocker@resource://gre/modules/AsyncShutdown.sys.mjs:458:15
setupShutdown@resource://gre/modules/osfile/osfile_async_front.jsm:1548:28
@resource://gre/modules/osfile/osfile_async_front.jsm:1568:16
@resource://gre/modules/osfile.jsm:12:30
@resource://gre/modules/TelemetryStorage.sys.mjs:10:28
_checkPendingPings@resource://gre/modules/TelemetrySend.sys.mjs:859:17
setup@resource://gre/modules/TelemetrySend.sys.mjs:799:18
setup@resource://gre/modules/TelemetrySend.sys.mjs:237:30
setupTelemetry/this._delayedInitTask<@resource://gre/modules/TelemetryControllerParent.sys.mjs:824:36
observe@resource://gre/modules/AsyncShutdown.sys.mjs:576:16

WARNING: Error: Phase "profile-before-change" is finished, it is too late to register completion condition "OS.File: flush I/O queued before profileBeforeChange"
WARNING: addBlocker@resource://gre/modules/AsyncShutdown.sys.mjs:727:15
addBlocker@resource://gre/modules/AsyncShutdown.sys.mjs:523:26
addBlocker@resource://gre/modules/AsyncShutdown.sys.mjs:458:15
setupShutdown@resource://gre/modules/osfile/osfile_async_front.jsm:1548:28
@resource://gre/modules/osfile/osfile_async_front.jsm:1568:16
@resource://gre/modules/osfile.jsm:12:30
@resource://gre/modules/TelemetryStorage.sys.mjs:10:28
_checkPendingPings@resource://gre/modules/TelemetrySend.sys.mjs:859:17
setup@resource://gre/modules/TelemetrySend.sys.mjs:799:18
setup@resource://gre/modules/TelemetrySend.sys.mjs:237:30
setupTelemetry/this._delayedInitTask<@resource://gre/modules/TelemetryControllerParent.sys.mjs:824:36
observe@resource://gre/modules/AsyncShutdown.sys.mjs:576:16

JavaScript error: resource://gre/modules/AsyncShutdown.sys.mjs, line 727: Error: Phase "profile-before-change" is finished, it is too late to register completion condition "OS.File: flush I/O queued before profileBeforeChange"
JavaScript error: resource://gre/modules/AsyncShutdown.sys.mjs, line 727: Error: Phase "profile-before-change" is finished, it is too late to register completion condition "OS.File: flush I/O queued before profileBeforeChange"
JavaScript error: resource://gre/modules/AsyncShutdown.sys.mjs, line 727: Error: Phase "profile-before-change" is finished, it is too late to register completion condition "OS.File: flush I/O queued before profileBeforeChange"
JavaScript error: resource://gre/modules/AsyncShutdown.sys.mjs, line 727: Error: Phase "profile-before-change" is finished, it is too late to register completion condition "OS.File: flush I/O queued before profileBeforeChange"
JavaScript error: resource://gre/modules/AsyncShutdown.sys.mjs, line 727: Error: Phase "profile-before-change" is finished, it is too late to register completion condition "OS.File: flush I/O queued before profileBeforeChange"
JavaScript error: resource://gre/modules/AsyncShutdown.sys.mjs, line 727: Error: Phase "profile-before-change" is finished, it is too late to register completion condition "OS.File: flush I/O queued before profileBeforeChange"
